<?xml version="1.0" encoding="UTF-8"?>
<testng-results ignored="0" total="1" passed="1" failed="0" skipped="0">
  <reporter-output>
  </reporter-output>
  <suite started-at="2024-06-13T11:41:54 IST" name="Default suite" finished-at="2024-06-13T11:42:28 IST" duration-ms="33445">
    <groups>
    </groups>
    <test started-at="2024-06-13T11:41:54 IST" name="Default test" finished-at="2024-06-13T11:42:28 IST" duration-ms="33445">
      <class name="ExcelR_Project.Sign_In">
        <test-method is-config="true" signature="startUp()[pri:0, instance:ExcelR_Project.Sign_In@793f29ff]" started-at="2024-06-13T11:41:54 IST" name="startUp" finished-at="2024-06-13T11:42:22 IST" duration-ms="27420" status="PASS">
          <reporter-output>
          </reporter-output>
        </test-method> <!-- startUp -->
        <test-method signature="tc(java.lang.String,java.lang.String)[pri:0, instance:ExcelR_Project.Sign_In@793f29ff]" started-at="2024-06-13T11:42:22 IST" name="tc" data-provider="data" finished-at="2024-06-13T11:42:27 IST" duration-ms="5808" status="PASS">
          <params>
            <param index="0">
              <value>
                <![CDATA[pooja12girpunje@gmail.com]]>
              </value>
            </param>
            <param index="1">
              <value>
                <![CDATA[Pooja@1234]]>
              </value>
            </param>
          </params>
          <reporter-output>
          </reporter-output>
        </test-method> <!-- tc -->
        <test-method is-config="true" signature="tc02()[pri:0, instance:ExcelR_Project.Sign_In@793f29ff]" started-at="2024-06-13T11:42:27 IST" name="tc02" finished-at="2024-06-13T11:42:28 IST" duration-ms="177" status="PASS">
          <reporter-output>
          </reporter-output>
        </test-method> <!-- tc02 -->
      </class> <!-- ExcelR_Project.Sign_In -->
    </test> <!-- Default test -->
  </suite> <!-- Default suite -->
</testng-results>
